<?xml version="1.0" encoding="UTF-8"?>
<!-- Generated by org.testng.reporters.JUnitXMLReporter -->
<testsuite hostname="LAPTOP-OELBGG4K" failures="1" tests="4" name="Test" time="15.814" errors="0" timestamp="17 Jul 2020 15:08:51 GMT">
  <testcase classname="resources.Extenteport" name="failTest" time="0.02">
    <failure type="java.lang.AssertionError" message="expected [true] but found [false]">
      <![CDATA[java.lang.AssertionError: expected [true] but found [false]
	at resources.Extenteport.failTest(Extenteport.java:43)
... Removed 28 stack frames]]>
    </failure>
  </testcase> <!-- failTest -->
  <testcase classname="resources.Extenteport" name="passTest" time="0.002"/>
  <testcase classname="resources.Extenteport" name="skipTest" time="0.002">
    <skipped/>
  </testcase> <!-- skipTest -->
  <testcase classname="Test_test1.Setup" name="basePageNavigation" time="10.879"/>
</testsuite> <!-- Test -->
