<?xml version="1.0" encoding="UTF-8"?>
<testng-results total="1" passed="1" failed="0" skipped="0">
  <reporter-output>
  </reporter-output>
  <suite started-at="2020-07-16T06:32:14Z" name="Default suite" finished-at="2020-07-16T06:32:29Z" duration-ms="14681">
    <groups>
    </groups>
    <test started-at="2020-07-16T06:32:14Z" name="Default test" finished-at="2020-07-16T06:32:29Z" duration-ms="14681">
      <class name="Test.test1.Setup">
        <test-method is-config="true" signature="initialize()[pri:0, instance:Test.test1.Setup@6892b3b6]" started-at="2020-07-16T12:02:14Z" name="initialize" finished-at="2020-07-16T12:02:18Z" duration-ms="4240" status="PASS">
          <reporter-output>
          </reporter-output>
        </test-method> <!-- initialize -->
        <test-method signature="basePageNavigation()[pri:0, instance:Test.test1.Setup@6892b3b6]" started-at="2020-07-16T12:02:18Z" name="basePageNavigation" finished-at="2020-07-16T12:02:29Z" duration-ms="10317" status="PASS">
          <reporter-output>
          </reporter-output>
        </test-method> <!-- basePageNavigation -->
        <test-method is-config="true" signature="teardown()[pri:0, instance:Test.test1.Setup@6892b3b6]" started-at="2020-07-16T12:02:29Z" name="teardown" finished-at="2020-07-16T12:02:29Z" duration-ms="104" status="PASS">
          <reporter-output>
          </reporter-output>
        </test-method> <!-- teardown -->
      </class> <!-- Test.test1.Setup -->
    </test> <!-- Default test -->
  </suite> <!-- Default suite -->
</testng-results>
